<?xml version="1.0" encoding="UTF-8"?>
<testsuite xmlns:xsi="http://www.w3.org/2001/XMLSchema-instance" xsi:schemaLocation="https://maven.apache.org/surefire/maven-surefire-plugin/xsd/surefire-test-report.xsd" name="io.entropic.samples.camel.rest.ApplicationTest" time="0.478" tests="1" errors="0" skipped="1" failures="0">
  <properties>
[...]
</properties>
  <testcase name="newOrderTest" classname="io.entropic.samples.camel.rest.ApplicationTest" time="0">
    <skipped/>
    <system-out><![CDATA[14:17:46.029 [main] DEBUG org.springframework.test.context.junit4.SpringJUnit4ClassRunner - SpringJUnit4ClassRunner constructor called with [class io.entropic.samples.camel.rest.ApplicationTest]
14:17:46.033 [main] DEBUG org.springframework.test.context.BootstrapUtils - Instantiating CacheAwareContextLoaderDelegate from class [org.springframework.test.context.cache.DefaultCacheAwareContextLoaderDelegate]
14:17:46.043 [main] DEBUG org.springframework.test.context.BootstrapUtils - Instantiating BootstrapContext using constructor [public org.springframework.test.context.support.DefaultBootstrapContext(java.lang.Class,org.springframework.test.context.CacheAwareContextLoaderDelegate)]
14:17:46.065 [main] DEBUG org.springframework.test.context.BootstrapUtils - Instantiating TestContextBootstrapper for test class [io.entropic.samples.camel.rest.ApplicationTest] from class [org.springframework.boot.test.context.SpringBootTestContextBootstrapper]
14:17:46.088 [main] INFO org.springframework.boot.test.context.SpringBootTestContextBootstrapper - Neither @ContextConfiguration nor @ContextHierarchy found for test class [io.entropic.samples.camel.rest.ApplicationTest], using SpringBootContextLoader
14:17:46.092 [main] DEBUG org.springframework.test.context.support.AbstractContextLoader - Did not detect default resource location for test class [io.entropic.samples.camel.rest.ApplicationTest]: class path resource [io/entropic/samples/camel/rest/ApplicationTest-context.xml] does not exist
14:17:46.093 [main] DEBUG org.springframework.test.context.support.AbstractContextLoader - Did not detect default resource location for test class [io.entropic.samples.camel.rest.ApplicationTest]: class path resource [io/entropic/samples/camel/rest/ApplicationTestContext.groovy] does not exist
14:17:46.093 [main] INFO org.springframework.test.context.support.AbstractContextLoader - Could not detect default resource locations for test class [io.entropic.samples.camel.rest.ApplicationTest]: no resource found for suffixes {-context.xml, Context.groovy}.
14:17:46.093 [main] INFO org.springframework.test.context.support.AnnotationConfigContextLoaderUtils - Could not detect default configuration classes for test class [io.entropic.samples.camel.rest.ApplicationTest]: ApplicationTest does not declare any static, non-private, non-final, nested classes annotated with @Configuration.
14:17:46.142 [main] DEBUG org.springframework.test.context.support.ActiveProfilesUtils - Could not find an 'annotation declaring class' for annotation type [org.springframework.test.context.ActiveProfiles] and class [io.entropic.samples.camel.rest.ApplicationTest]
14:17:46.154 [main] DEBUG org.springframework.core.env.StandardEnvironment - Adding PropertySource 'systemProperties' with lowest search precedence
14:17:46.155 [main] DEBUG org.springframework.core.env.StandardEnvironment - Adding PropertySource 'systemEnvironment' with lowest search precedence
14:17:46.156 [main] DEBUG org.springframework.core.env.StandardEnvironment - Initialized StandardEnvironment with PropertySources [MapPropertySource@1411892748 {name='systemProperties', properties={java.runtime.name=Java(TM) SE Runtime Environment, sun.boot.library.path=/home/mcostell/jdk1.8.0_121/jre/lib/amd64, java.vm.version=25.121-b13, java.vm.vendor=Oracle Corporation, java.vendor.url=http://java.oracle.com/, path.separator=:, java.vm.name=Java HotSpot(TM) 64-Bit Server VM, file.encoding.pkg=sun.io, user.country=US, sun.java.launcher=SUN_STANDARD, sun.os.patch.level=unknown, java.vm.specification.name=Java Virtual Machine Specification, user.dir=/home/mcostell/workspace/camel-rest-sample-simple, java.runtime.version=1.8.0_121-b13, basedir=/home/mcostell/workspace/camel-rest-sample-simple, java.awt.graphicsenv=sun.awt.X11GraphicsEnvironment, java.endorsed.dirs=/home/mcostell/jdk1.8.0_121/jre/lib/endorsed, os.arch=amd64, surefire.real.class.path=/home/mcostell/workspace/camel-rest-sample-simple/target/surefire/surefirebooter1365796166271922500.jar, java.io.tmpdir=/tmp, line.separator=
, java.vm.specification.vendor=Oracle Corporation, os.name=Linux, sun.jnu.encoding=UTF-8, java.library.path=/usr/java/packages/lib/amd64:/usr/lib64:/lib64:/lib:/usr/lib, surefire.test.class.path=/home/mcostell/workspace/camel-rest-sample-simple/target/test-classes:/home/mcostell/workspace/camel-rest-sample-simple/target/classes:/home/mcostell/.m2/repository/org/apache/camel/camel-spring-boot-starter/2.21.0.fuse-720050-redhat-00001/camel-spring-boot-starter-2.21.0.fuse-720050-redhat-00001.jar:/home/mcostell/.m2/repository/org/springframework/boot/spring-boot-starter/1.5.16.RELEASE/spring-boot-starter-1.5.16.RELEASE.jar:/home/mcostell/.m2/repository/org/springframework/boot/spring-boot/1.5.16.RELEASE/spring-boot-1.5.16.RELEASE.jar:/home/mcostell/.m2/repository/org/springframework/boot/spring-boot-autoconfigure/1.5.16.RELEASE/spring-boot-autoconfigure-1.5.16.RELEASE.jar:/home/mcostell/.m2/repository/org/springframework/boot/spring-boot-starter-logging/1.5.16.RELEASE/spring-boot-starter-logging-1.5.16.RELEASE.jar:/home/mcostell/.m2/repository/ch/qos/logback/logback-classic/1.1.11/logback-classic-1.1.11.jar:/home/mcostell/.m2/repository/ch/qos/logback/logback-core/1.1.11/logback-core-1.1.11.jar:/home/mcostell/.m2/repository/org/slf4j/jul-to-slf4j/1.7.22.redhat-2/jul-to-slf4j-1.7.22.redhat-2.jar:/home/mcostell/.m2/repository/org/slf4j/log4j-over-slf4j/1.7.22.redhat-2/log4j-over-slf4j-1.7.22.redhat-2.jar:/home/mcostell/.m2/repository/org/yaml/snakeyaml/1.17/snakeyaml-1.17.jar:/home/mcostell/.m2/repository/org/apache/camel/camel-spring-boot/2.21.0.fuse-720050-redhat-00001/camel-spring-boot-2.21.0.fuse-720050-redhat-00001.jar:/home/mcostell/.m2/repository/org/apache/camel/camel-spring/2.21.0.fuse-720050-redhat-00001/camel-spring-2.21.0.fuse-720050-redhat-00001.jar:/home/mcostell/.m2/repository/org/springframework/spring-tx/4.3.19.RELEASE/spring-tx-4.3.19.RELEASE.jar:/home/mcostell/.m2/repository/com/sun/xml/bind/jaxb-core/2.2.11.redhat-4/jaxb-core-2.2.11.redhat-4.jar:/home/mcostell/.m2/repository/com/sun/xml/bind/jaxb-impl/2.2.11.redhat-4/jaxb-impl-2.2.11.redhat-4.jar:/home/mcostell/.m2/repository/org/apache/camel/camel-core-starter/2.21.0.fuse-720050-redhat-00001/camel-core-starter-2.21.0.fuse-720050-redhat-00001.jar:/home/mcostell/.m2/repository/org/apache/camel/camel-core/2.21.0.fuse-720050-redhat-00001/camel-core-2.21.0.fuse-720050-redhat-00001.jar:/home/mcostell/.m2/repository/org/springframework/boot/spring-boot-starter-web/1.5.16.RELEASE/spring-boot-starter-web-1.5.16.RELEASE.jar:/home/mcostell/.m2/repository/org/hibernate/hibernate-validator/5.3.5.Final-redhat-2/hibernate-validator-5.3.5.Final-redhat-2.jar:/home/mcostell/.m2/repository/javax/validation/validation-api/1.1.0.Final/validation-api-1.1.0.Final.jar:/home/mcostell/.m2/repository/org/jboss/logging/jboss-logging/3.3.2.Final/jboss-logging-3.3.2.Final.jar:/home/mcostell/.m2/repository/com/fasterxml/classmate/1.3.1/classmate-1.3.1.jar:/home/mcostell/.m2/repository/com/fasterxml/jackson/core/jackson-databind/2.8.11.2/jackson-databind-2.8.11.2.jar:/home/mcostell/.m2/repository/com/fasterxml/jackson/core/jackson-annotations/2.8.0/jackson-annotations-2.8.0.jar:/home/mcostell/.m2/repository/com/fasterxml/jackson/core/jackson-core/2.8.11/jackson-core-2.8.11.jar:/home/mcostell/.m2/repository/org/springframework/spring-web/4.3.19.RELEASE/spring-web-4.3.19.RELEASE.jar:/home/mcostell/.m2/repository/org/springframework/spring-aop/4.3.19.RELEASE/spring-aop-4.3.19.RELEASE.jar:/home/mcostell/.m2/repository/org/springframework/spring-beans/4.3.19.RELEASE/spring-beans-4.3.19.RELEASE.jar:/home/mcostell/.m2/repository/org/springframework/spring-context/4.3.19.RELEASE/spring-context-4.3.19.RELEASE.jar:/home/mcostell/.m2/repository/org/springframework/spring-webmvc/4.3.19.RELEASE/spring-webmvc-4.3.19.RELEASE.jar:/home/mcostell/.m2/repository/org/springframework/spring-expression/4.3.19.RELEASE/spring-expression-4.3.19.RELEASE.jar:/home/mcostell/.m2/repository/org/springframework/boot/spring-boot-starter-undertow/1.5.16.RELEASE/spring-boot-starter-undertow-1.5.16.RELEASE.jar:/home/mcostell/.m2/repository/io/undertow/undertow-core/1.4.18.SP7-redhat-1/undertow-core-1.4.18.SP7-redhat-1.jar:/home/mcostell/.m2/repository/org/jboss/xnio/xnio-api/3.3.8.Final/xnio-api-3.3.8.Final.jar:/home/mcostell/.m2/repository/org/jboss/xnio/xnio-nio/3.3.8.Final/xnio-nio-3.3.8.Final.jar:/home/mcostell/.m2/repository/io/undertow/undertow-servlet/1.4.18.SP7-redhat-1/undertow-servlet-1.4.18.SP7-redhat-1.jar:/home/mcostell/.m2/repository/org/jboss/spec/javax/annotation/jboss-annotations-api_1.2_spec/1.0.0.Final/jboss-annotations-api_1.2_spec-1.0.0.Final.jar:/home/mcostell/.m2/repository/io/undertow/undertow-websockets-jsr/1.4.18.SP7-redhat-1/undertow-websockets-jsr-1.4.18.SP7-redhat-1.jar:/home/mcostell/.m2/repository/org/jboss/spec/javax/websocket/jboss-websocket-api_1.1_spec/1.1.0.Final/jboss-websocket-api_1.1_spec-1.1.0.Final.jar:/home/mcostell/.m2/repository/javax/servlet/javax.servlet-api/3.1.0/javax.servlet-api-3.1.0.jar:/home/mcostell/.m2/repository/org/glassfish/javax.el/3.0.0/javax.el-3.0.0.jar:/home/mcostell/.m2/repository/org/springframework/boot/spring-boot-starter-actuator/1.5.16.RELEASE/spring-boot-starter-actuator-1.5.16.RELEASE.jar:/home/mcostell/.m2/repository/org/springframework/boot/spring-boot-actuator/1.5.16.RELEASE/spring-boot-actuator-1.5.16.RELEASE.jar:/home/mcostell/.m2/repository/org/apache/camel/camel-servlet-starter/2.21.0.fuse-720050-redhat-00001/camel-servlet-starter-2.21.0.fuse-720050-redhat-00001.jar:/home/mcostell/.m2/repository/org/apache/camel/camel-servlet/2.21.0.fuse-720050-redhat-00001/camel-servlet-2.21.0.fuse-720050-redhat-00001.jar:/home/mcostell/.m2/repository/org/apache/camel/camel-http-common/2.21.0.fuse-720050-redhat-00001/camel-http-common-2.21.0.fuse-720050-redhat-00001.jar:/home/mcostell/.m2/repository/org/apache/camel/camel-jackson-starter/2.21.0.fuse-720050-redhat-00001/camel-jackson-starter-2.21.0.fuse-720050-redhat-00001.jar:/home/mcostell/.m2/repository/org/apache/camel/camel-jackson/2.21.0.fuse-720050-redhat-00001/camel-jackson-2.21.0.fuse-720050-redhat-00001.jar:/home/mcostell/.m2/repository/com/fasterxml/jackson/module/jackson-module-jaxb-annotations/2.8.11/jackson-module-jaxb-annotations-2.8.11.jar:/home/mcostell/.m2/repository/org/apache/camel/camel-swagger-java-starter/2.21.0.fuse-720050-redhat-00001/camel-swagger-java-starter-2.21.0.fuse-720050-redhat-00001.jar:/home/mcostell/.m2/repository/org/apache/camel/camel-swagger-java/2.21.0.fuse-720050-redhat-00001/camel-swagger-java-2.21.0.fuse-720050-redhat-00001.jar:/home/mcostell/.m2/repository/com/fasterxml/jackson/datatype/jackson-datatype-joda/2.8.11/jackson-datatype-joda-2.8.11.jar:/home/mcostell/.m2/repository/joda-time/joda-time/2.7/joda-time-2.7.jar:/home/mcostell/.m2/repository/com/fasterxml/jackson/dataformat/jackson-dataformat-yaml/2.8.11/jackson-dataformat-yaml-2.8.11.jar:/home/mcostell/.m2/repository/com/fasterxml/jackson/dataformat/jackson-dataformat-xml/2.8.11/jackson-dataformat-xml-2.8.11.jar:/home/mcostell/.m2/repository/org/codehaus/woodstox/stax2-api/3.1.4/stax2-api-3.1.4.jar:/home/mcostell/.m2/repository/com/fasterxml/woodstox/woodstox-core/5.0.3/woodstox-core-5.0.3.jar:/home/mcostell/.m2/repository/com/fasterxml/jackson/jaxrs/jackson-jaxrs-json-provider/2.8.11/jackson-jaxrs-json-provider-2.8.11.jar:/home/mcostell/.m2/repository/com/fasterxml/jackson/jaxrs/jackson-jaxrs-base/2.8.11/jackson-jaxrs-base-2.8.11.jar:/home/mcostell/.m2/repository/com/google/guava/guava/18.0/guava-18.0.jar:/home/mcostell/.m2/repository/org/apache/commons/commons-lang3/3.8/commons-lang3-3.8.jar:/home/mcostell/.m2/repository/io/swagger/swagger-core/1.5.18.fuse70-1-redhat-1/swagger-core-1.5.18.fuse70-1-redhat-1.jar:/home/mcostell/.m2/repository/io/swagger/swagger-models/1.5.18.fuse70-1-redhat-1/swagger-models-1.5.18.fuse70-1-redhat-1.jar:/home/mcostell/.m2/repository/io/swagger/swagger-annotations/1.5.18.fuse70-1-redhat-1/swagger-annotations-1.5.18.fuse70-1-redhat-1.jar:/home/mcostell/.m2/repository/io/swagger/swagger-jaxrs/1.5.18.fuse70-1-redhat-1/swagger-jaxrs-1.5.18.fuse70-1-redhat-1.jar:/home/mcostell/.m2/repository/javax/ws/rs/jsr311-api/1.1.1/jsr311-api-1.1.1.jar:/home/mcostell/.m2/repository/org/reflections/reflections/0.9.11/reflections-0.9.11.jar:/home/mcostell/.m2/repository/org/javassist/javassist/3.21.0-GA/javassist-3.21.0-GA.jar:/home/mcostell/.m2/repository/io/swagger/swagger-parser/1.0.33/swagger-parser-1.0.33.jar:/home/mcostell/.m2/repository/org/slf4j/slf4j-ext/1.6.3/slf4j-ext-1.6.3.jar:/home/mcostell/.m2/repository/ch/qos/cal10n/cal10n-api/0.7.4/cal10n-api-0.7.4.jar:/home/mcostell/.m2/repository/commons-io/commons-io/2.4/commons-io-2.4.jar:/home/mcostell/.m2/repository/org/springframework/boot/spring-boot-starter-test/1.5.16.RELEASE/spring-boot-starter-test-1.5.16.RELEASE.jar:/home/mcostell/.m2/repository/org/springframework/boot/spring-boot-test/1.5.16.RELEASE/spring-boot-test-1.5.16.RELEASE.jar:/home/mcostell/.m2/repository/org/springframework/boot/spring-boot-test-autoconfigure/1.5.16.RELEASE/spring-boot-test-autoconfigure-1.5.16.RELEASE.jar:/home/mcostell/.m2/repository/com/jayway/jsonpath/json-path/2.2.0/json-path-2.2.0.jar:/home/mcostell/.m2/repository/net/minidev/json-smart/2.2.1/json-smart-2.2.1.jar:/home/mcostell/.m2/repository/net/minidev/accessors-smart/1.1/accessors-smart-1.1.jar:/home/mcostell/.m2/repository/org/ow2/asm/asm/5.0.3/asm-5.0.3.jar:/home/mcostell/.m2/repository/org/slf4j/slf4j-api/1.7.22.redhat-2/slf4j-api-1.7.22.redhat-2.jar:/home/mcostell/.m2/repository/junit/junit/4.12/junit-4.12.jar:/home/mcostell/.m2/repository/org/assertj/assertj-core/2.4.1/assertj-core-2.4.1.jar:/home/mcostell/.m2/repository/org/mockito/mockito-core/1.10.19/mockito-core-1.10.19.jar:/home/mcostell/.m2/repository/org/objenesis/objenesis/2.1/objenesis-2.1.jar:/home/mcostell/.m2/repository/org/hamcrest/hamcrest-core/1.3/hamcrest-core-1.3.jar:/home/mcostell/.m2/repository/org/hamcrest/hamcrest-library/1.3/hamcrest-library-1.3.jar:/home/mcostell/.m2/repository/org/skyscreamer/jsonassert/1.4.0/jsonassert-1.4.0.jar:/home/mcostell/.m2/repository/com/vaadin/external/google/android-json/0.0.20131108.vaadin1/android-json-0.0.20131108.vaadin1.jar:/home/mcostell/.m2/repository/org/springframework/spring-core/4.3.19.RELEASE/spring-core-4.3.19.RELEASE.jar:/home/mcostell/.m2/repository/org/springframework/spring-test/4.3.19.RELEASE/spring-test-4.3.19.RELEASE.jar:/home/mcostell/.m2/repository/org/jboss/arquillian/junit/arquillian-junit-container/1.1.12.Final/arquillian-junit-container-1.1.12.Final.jar:/home/mcostell/.m2/repository/org/jboss/arquillian/junit/arquillian-junit-core/1.1.12.Final/arquillian-junit-core-1.1.12.Final.jar:/home/mcostell/.m2/repository/org/jboss/arquillian/test/arquillian-test-api/1.1.12.Final/arquillian-test-api-1.1.12.Final.jar:/home/mcostell/.m2/repository/org/jboss/arquillian/core/arquillian-core-api/1.1.12.Final/arquillian-core-api-1.1.12.Final.jar:/home/mcostell/.m2/repository/org/jboss/arquillian/test/arquillian-test-spi/1.1.12.Final/arquillian-test-spi-1.1.12.Final.jar:/home/mcostell/.m2/repository/org/jboss/arquillian/core/arquillian-core-spi/1.1.12.Final/arquillian-core-spi-1.1.12.Final.jar:/home/mcostell/.m2/repository/org/jboss/arquillian/container/arquillian-container-test-api/1.1.12.Final/arquillian-container-test-api-1.1.12.Final.jar:/home/mcostell/.m2/repository/org/jboss/shrinkwrap/shrinkwrap-api/1.2.6/shrinkwrap-api-1.2.6.jar:/home/mcostell/.m2/repository/org/jboss/arquillian/container/arquillian-container-test-spi/1.1.12.Final/arquillian-container-test-spi-1.1.12.Final.jar:/home/mcostell/.m2/repository/org/jboss/arquillian/core/arquillian-core-impl-base/1.1.12.Final/arquillian-core-impl-base-1.1.12.Final.jar:/home/mcostell/.m2/repository/org/jboss/arquillian/test/arquillian-test-impl-base/1.1.12.Final/arquillian-test-impl-base-1.1.12.Final.jar:/home/mcostell/.m2/repository/org/jboss/arquillian/container/arquillian-container-impl-base/1.1.12.Final/arquillian-container-impl-base-1.1.12.Final.jar:/home/mcostell/.m2/repository/org/jboss/arquillian/config/arquillian-config-api/1.1.12.Final/arquillian-config-api-1.1.12.Final.jar:/home/mcostell/.m2/repository/org/jboss/arquillian/config/arquillian-config-impl-base/1.1.12.Final/arquillian-config-impl-base-1.1.12.Final.jar:/home/mcostell/.m2/repository/org/jboss/shrinkwrap/descriptors/shrinkwrap-descriptors-spi/2.0.0-alpha-10/shrinkwrap-descriptors-spi-2.0.0-alpha-10.jar:/home/mcostell/.m2/repository/org/jboss/arquillian/container/arquillian-container-test-impl-base/1.1.12.Final/arquillian-container-test-impl-base-1.1.12.Final.jar:/home/mcostell/.m2/repository/org/jboss/shrinkwrap/shrinkwrap-impl-base/1.2.6/shrinkwrap-impl-base-1.2.6.jar:/home/mcostell/.m2/repository/org/jboss/shrinkwrap/shrinkwrap-spi/1.2.6/shrinkwrap-spi-1.2.6.jar:/home/mcostell/.m2/repository/io/fabric8/fabric8-arquillian/3.0.11.fuse-720027-redhat-00001/fabric8-arquillian-3.0.11.fuse-720027-redhat-00001.jar:/home/mcostell/.m2/repository/io/fabric8/fabric8-annotations/3.0.11.fuse-720027-redhat-00001/fabric8-annotations-3.0.11.fuse-720027-redhat-00001.jar:/home/mcostell/.m2/repository/javax/inject/javax.inject/1/javax.inject-1.jar:/home/mcostell/.m2/repository/io/fabric8/kubernetes-api/3.0.11.fuse-720027-redhat-00001/kubernetes-api-3.0.11.fuse-720027-redhat-00001.jar:/home/mcostell/.m2/repository/org/json/json/20160212/json-20160212.jar:/home/mcostell/.m2/repository/dnsjava/dnsjava/2.1.8/dnsjava-2.1.8.jar:/home/mcostell/.m2/repository/io/fabric8/openshift-client/3.1.4.fuse-720004-redhat-00001/openshift-client-3.1.4.fuse-720004-redhat-00001.jar:/home/mcostell/.m2/repository/io/fabric8/kubernetes-client/3.1.4.fuse-720004-redhat-00001/kubernetes-client-3.1.4.fuse-720004-redhat-00001.jar:/home/mcostell/.m2/repository/io/fabric8/kubernetes-model/2.0.10.fuse-720030-redhat-00001/kubernetes-model-2.0.10.fuse-720030-redhat-00001.jar:/home/mcostell/.m2/repository/com/squareup/okhttp3/okhttp/3.9.0.redhat-3/okhttp-3.9.0.redhat-3.jar:/home/mcostell/.m2/repository/com/squareup/okio/okio/1.13.0.redhat-3/okio-1.13.0.redhat-3.jar:/home/mcostell/.m2/repository/com/squareup/okhttp3/logging-interceptor/3.9.0.redhat-3/logging-interceptor-3.9.0.redhat-3.jar:/home/mcostell/.m2/repository/io/fabric8/zjsonpatch/0.3.0/zjsonpatch-0.3.0.jar:/home/mcostell/.m2/repository/com/github/mifmif/generex/1.0.1/generex-1.0.1.jar:/home/mcostell/.m2/repository/dk/brics/automaton/automaton/1.11-8/automaton-1.11-8.jar:/home/mcostell/.m2/repository/io/fabric8/kubernetes-assertions/3.0.11.fuse-720027-redhat-00001/kubernetes-assertions-3.0.11.fuse-720027-redhat-00001.jar:/home/mcostell/.m2/repository/io/fabric8/jolokia-assertions/3.0.11.fuse-720027-redhat-00001/jolokia-assertions-3.0.11.fuse-720027-redhat-00001.jar:/home/mcostell/.m2/repository/org/jolokia/jolokia-client-java/1.5.0.redhat-1/jolokia-client-java-1.5.0.redhat-1.jar:/home/mcostell/.m2/repository/com/googlecode/json-simple/json-simple/1.1.1.redhat-1/json-simple-1.1.1.redhat-1.jar:/home/mcostell/.m2/repository/io/fabric8/kubernetes-jolokia/3.0.11.fuse-720027-redhat-00001/kubernetes-jolokia-3.0.11.fuse-720027-redhat-00001.jar:/home/mcostell/.m2/repository/org/apache/httpcomponents/httpclient-osgi/4.5.6/httpclient-osgi-4.5.6.jar:/home/mcostell/.m2/repository/org/apache/httpcomponents/httpmime/4.5.6/httpmime-4.5.6.jar:/home/mcostell/.m2/repository/org/apache/httpcomponents/httpclient-cache/4.5.6/httpclient-cache-4.5.6.jar:/home/mcostell/.m2/repository/org/apache/httpcomponents/fluent-hc/4.3.3/fluent-hc-4.3.3.jar:/home/mcostell/.m2/repository/io/fabric8/fabric8-utils/3.0.11.fuse-720027-redhat-00001/fabric8-utils-3.0.11.fuse-720027-redhat-00001.jar:/home/mcostell/.m2/repository/io/fabric8/fabric8-devops/3.0.11.fuse-720027-redhat-00001/fabric8-devops-3.0.11.fuse-720027-redhat-00001.jar:/home/mcostell/.m2/repository/org/ops4j/pax/url/pax-url-aether/2.5.1/pax-url-aether-2.5.1.jar:/home/mcostell/.m2/repository/org/ops4j/pax/url/pax-url-aether-support/2.5.1/pax-url-aether-support-2.5.1.jar:/home/mcostell/.m2/repository/org/eclipse/aether/aether-impl/1.0.2.v20150114/aether-impl-1.0.2.v20150114.jar:/home/mcostell/.m2/repository/org/slf4j/jcl-over-slf4j/1.7.22.redhat-2/jcl-over-slf4j-1.7.22.redhat-2.jar:/home/mcostell/.m2/repository/org/fusesource/jansi/jansi/1.11.0.redhat-2/jansi-1.11.0.redhat-2.jar:/home/mcostell/.m2/repository/org/jboss/arquillian/container/arquillian-container-spi/1.1.12.Final/arquillian-container-spi-1.1.12.Final.jar:/home/mcostell/.m2/repository/org/jboss/shrinkwrap/descriptors/shrinkwrap-descriptors-api-base/2.0.0-alpha-10/shrinkwrap-descriptors-api-base-2.0.0-alpha-10.jar:/home/mcostell/.m2/repository/org/jboss/shrinkwrap/resolver/shrinkwrap-resolver-api/2.2.2/shrinkwrap-resolver-api-2.2.2.jar:/home/mcostell/.m2/repository/org/jboss/shrinkwrap/resolver/shrinkwrap-resolver-spi/2.2.2/shrinkwrap-resolver-spi-2.2.2.jar:/home/mcostell/.m2/repository/org/jboss/shrinkwrap/resolver/shrinkwrap-resolver-api-maven/2.2.2/shrinkwrap-resolver-api-maven-2.2.2.jar:/home/mcostell/.m2/repository/org/jboss/shrinkwrap/resolver/shrinkwrap-resolver-spi-maven/2.2.2/shrinkwrap-resolver-spi-maven-2.2.2.jar:/home/mcostell/.m2/repository/org/jboss/shrinkwrap/resolver/shrinkwrap-resolver-api-maven-archive/2.2.2/shrinkwrap-resolver-api-maven-archive-2.2.2.jar:/home/mcostell/.m2/repository/org/jboss/shrinkwrap/resolver/shrinkwrap-resolver-impl-maven/2.2.2/shrinkwrap-resolver-impl-maven-2.2.2.jar:/home/mcostell/.m2/repository/org/eclipse/aether/aether-api/1.0.0.v20140518/aether-api-1.0.0.v20140518.jar:/home/mcostell/.m2/repository/org/eclipse/aether/aether-spi/1.0.0.v20140518/aether-spi-1.0.0.v20140518.jar:/home/mcostell/.m2/repository/org/eclipse/aether/aether-util/1.0.0.v20140518/aether-util-1.0.0.v20140518.jar:/home/mcostell/.m2/repository/org/eclipse/aether/aether-connector-basic/1.0.0.v20140518/aether-connector-basic-1.0.0.v20140518.jar:/home/mcostell/.m2/repository/org/eclipse/aether/aether-transport-wagon/1.0.0.v20140518/aether-transport-wagon-1.0.0.v20140518.jar:/home/mcostell/.m2/repository/org/apache/maven/maven-aether-provider/3.2.5/maven-aether-provider-3.2.5.jar:/home/mcostell/.m2/repository/org/apache/maven/maven-model/3.2.5/maven-model-3.2.5.jar:/home/mcostell/.m2/repository/org/apache/maven/maven-model-builder/3.2.5/maven-model-builder-3.2.5.jar:/home/mcostell/.m2/repository/org/codehaus/plexus/plexus-component-annotations/1.5.5/plexus-component-annotations-1.5.5.jar:/home/mcostell/.m2/repository/org/apache/maven/maven-repository-metadata/3.2.5/maven-repository-metadata-3.2.5.jar:/home/mcostell/.m2/repository/org/apache/maven/maven-settings/3.2.5/maven-settings-3.2.5.jar:/home/mcostell/.m2/repository/org/apache/maven/maven-settings-builder/3.2.5/maven-settings-builder-3.2.5.jar:/home/mcostell/.m2/repository/org/codehaus/plexus/plexus-interpolation/1.21/plexus-interpolation-1.21.jar:/home/mcostell/.m2/repository/org/sonatype/plexus/plexus-sec-dispatcher/1.3/plexus-sec-dispatcher-1.3.jar:/home/mcostell/.m2/repository/org/sonatype/plexus/plexus-cipher/1.4/plexus-cipher-1.4.jar:/home/mcostell/.m2/repository/org/apache/maven/wagon/wagon-provider-api/2.6/wagon-provider-api-2.6.jar:/home/mcostell/.m2/repository/org/apache/maven/wagon/wagon-file/2.6/wagon-file-2.6.jar:/home/mcostell/.m2/repository/commons-lang/commons-lang/2.6/commons-lang-2.6.jar:/home/mcostell/.m2/repository/org/apache/maven/wagon/wagon-http-lightweight/2.6/wagon-http-lightweight-2.6.jar:/home/mcostell/.m2/repository/org/apache/maven/wagon/wagon-http-shared/2.6/wagon-http-shared-2.6.jar:/home/mcostell/.m2/repository/org/jsoup/jsoup/1.7.2/jsoup-1.7.2.jar:/home/mcostell/.m2/repository/org/jboss/shrinkwrap/resolver/shrinkwrap-resolver-impl-maven-archive/2.2.2/shrinkwrap-resolver-impl-maven-archive-2.2.2.jar:/home/mcostell/.m2/repository/org/jboss/shrinkwrap/resolver/shrinkwrap-resolver-spi-maven-archive/2.2.2/shrinkwrap-resolver-spi-maven-archive-2.2.2.jar:/home/mcostell/.m2/repository/org/eclipse/sisu/org.eclipse.sisu.plexus/0.3.0.M1/org.eclipse.sisu.plexus-0.3.0.M1.jar:/home/mcostell/.m2/repository/org/eclipse/sisu/org.eclipse.sisu.inject/0.3.0.M1/org.eclipse.sisu.inject-0.3.0.M1.jar:/home/mcostell/.m2/repository/org/codehaus/plexus/plexus-compiler-javac/2.3/plexus-compiler-javac-2.3.jar:/home/mcostell/.m2/repository/org/codehaus/plexus/plexus-compiler-api/2.3/plexus-compiler-api-2.3.jar:/home/mcostell/.m2/repository/org/codehaus/plexus/plexus-utils/3.0.15/plexus-utils-3.0.15.jar:/home/mcostell/.m2/repository/xml-apis/xml-apis/1.4.01/xml-apis-1.4.01.jar:/home/mcostell/.m2/repository/javax/enterprise/cdi-api/1.2.0.redhat-2/cdi-api-1.2.0.redhat-2.jar:/home/mcostell/.m2/repository/javax/el/javax.el-api/2.2.5/javax.el-api-2.2.5.jar:/home/mcostell/.m2/repository/javax/interceptor/javax.interceptor-api/1.2/javax.interceptor-api-1.2.jar:/home/mcostell/.m2/repository/org/apache/httpcomponents/httpclient/4.5.6/httpclient-4.5.6.jar:/home/mcostell/.m2/repository/org/apache/httpcomponents/httpcore/4.4.10/httpcore-4.4.10.jar:/home/mcostell/.m2/repository/commons-logging/commons-logging/1.2.0.redhat-3/commons-logging-1.2.0.redhat-3.jar:/home/mcostell/.m2/repository/commons-codec/commons-codec/1.10/commons-codec-1.10.jar:, java.specification.name=Java Platform API Specification, java.class.version=52.0, sun.management.compiler=HotSpot 64-Bit Tiered Compilers, os.version=4.18.16-200.fc28.x86_64, user.home=/home/mcostell, user.timezone=America/Chicago, java.awt.printerjob=sun.print.PSPrinterJob, file.encoding=UTF-8, java.specification.version=1.8, java.class.path=/home/mcostell/workspace/camel-rest-sample-simple/target/test-classes:/home/mcostell/workspace/camel-rest-sample-simple/target/classes:/home/mcostell/.m2/repository/org/apache/camel/camel-spring-boot-starter/2.21.0.fuse-720050-redhat-00001/camel-spring-boot-starter-2.21.0.fuse-720050-redhat-00001.jar:/home/mcostell/.m2/repository/org/springframework/boot/spring-boot-starter/1.5.16.RELEASE/spring-boot-starter-1.5.16.RELEASE.jar:/home/mcostell/.m2/repository/org/springframework/boot/spring-boot/1.5.16.RELEASE/spring-boot-1.5.16.RELEASE.jar:/home/mcostell/.m2/repository/org/springframework/boot/spring-boot-autoconfigure/1.5.16.RELEASE/spring-boot-autoconfigure-1.5.16.RELEASE.jar:/home/mcostell/.m2/repository/org/springframework/boot/spring-boot-starter-logging/1.5.16.RELEASE/spring-boot-starter-logging-1.5.16.RELEASE.jar:/home/mcostell/.m2/repository/ch/qos/logback/logback-classic/1.1.11/logback-classic-1.1.11.jar:/home/mcostell/.m2/repository/ch/qos/logback/logback-core/1.1.11/logback-core-1.1.11.jar:/home/mcostell/.m2/repository/org/slf4j/jul-to-slf4j/1.7.22.redhat-2/jul-to-slf4j-1.7.22.redhat-2.jar:/home/mcostell/.m2/repository/org/slf4j/log4j-over-slf4j/1.7.22.redhat-2/log4j-over-slf4j-1.7.22.redhat-2.jar:/home/mcostell/.m2/repository/org/yaml/snakeyaml/1.17/snakeyaml-1.17.jar:/home/mcostell/.m2/repository/org/apache/camel/camel-spring-boot/2.21.0.fuse-720050-redhat-00001/camel-spring-boot-2.21.0.fuse-720050-redhat-00001.jar:/home/mcostell/.m2/repository/org/apache/camel/camel-spring/2.21.0.fuse-720050-redhat-00001/camel-spring-2.21.0.fuse-720050-redhat-00001.jar:/home/mcostell/.m2/repository/org/springframework/spring-tx/4.3.19.RELEASE/spring-tx-4.3.19.RELEASE.jar:/home/mcostell/.m2/repository/com/sun/xml/bind/jaxb-core/2.2.11.redhat-4/jaxb-core-2.2.11.redhat-4.jar:/home/mcostell/.m2/repository/com/sun/xml/bind/jaxb-impl/2.2.11.redhat-4/jaxb-impl-2.2.11.redhat-4.jar:/home/mcostell/.m2/repository/org/apache/camel/camel-core-starter/2.21.0.fuse-720050-redhat-00001/camel-core-starter-2.21.0.fuse-720050-redhat-00001.jar:/home/mcostell/.m2/repository/org/apache/camel/camel-core/2.21.0.fuse-720050-redhat-00001/camel-core-2.21.0.fuse-720050-redhat-00001.jar:/home/mcostell/.m2/repository/org/springframework/boot/spring-boot-starter-web/1.5.16.RELEASE/spring-boot-starter-web-1.5.16.RELEASE.jar:/home/mcostell/.m2/repository/org/hibernate/hibernate-validator/5.3.5.Final-redhat-2/hibernate-validator-5.3.5.Final-redhat-2.jar:/home/mcostell/.m2/repository/javax/validation/validation-api/1.1.0.Final/validation-api-1.1.0.Final.jar:/home/mcostell/.m2/repository/org/jboss/logging/jboss-logging/3.3.2.Final/jboss-logging-3.3.2.Final.jar:/home/mcostell/.m2/repository/com/fasterxml/classmate/1.3.1/classmate-1.3.1.jar:/home/mcostell/.m2/repository/com/fasterxml/jackson/core/jackson-databind/2.8.11.2/jackson-databind-2.8.11.2.jar:/home/mcostell/.m2/repository/com/fasterxml/jackson/core/jackson-annotations/2.8.0/jackson-annotations-2.8.0.jar:/home/mcostell/.m2/repository/com/fasterxml/jackson/core/jackson-core/2.8.11/jackson-core-2.8.11.jar:/home/mcostell/.m2/repository/org/springframework/spring-web/4.3.19.RELEASE/spring-web-4.3.19.RELEASE.jar:/home/mcostell/.m2/repository/org/springframework/spring-aop/4.3.19.RELEASE/spring-aop-4.3.19.RELEASE.jar:/home/mcostell/.m2/repository/org/springframework/spring-beans/4.3.19.RELEASE/spring-beans-4.3.19.RELEASE.jar:/home/mcostell/.m2/repository/org/springframework/spring-context/4.3.19.RELEASE/spring-context-4.3.19.RELEASE.jar:/home/mcostell/.m2/repository/org/springframework/spring-webmvc/4.3.19.RELEASE/spring-webmvc-4.3.19.RELEASE.jar:/home/mcostell/.m2/repository/org/springframework/spring-expression/4.3.19.RELEASE/spring-expression-4.3.19.RELEASE.jar:/home/mcostell/.m2/repository/org/springframework/boot/spring-boot-starter-undertow/1.5.16.RELEASE/spring-boot-starter-undertow-1.5.16.RELEASE.jar:/home/mcostell/.m2/repository/io/undertow/undertow-core/1.4.18.SP7-redhat-1/undertow-core-1.4.18.SP7-redhat-1.jar:/home/mcostell/.m2/repository/org/jboss/xnio/xnio-api/3.3.8.Final/xnio-api-3.3.8.Final.jar:/home/mcostell/.m2/repository/org/jboss/xnio/xnio-nio/3.3.8.Final/xnio-nio-3.3.8.Final.jar:/home/mcostell/.m2/repository/io/undertow/undertow-servlet/1.4.18.SP7-redhat-1/undertow-servlet-1.4.18.SP7-redhat-1.jar:/home/mcostell/.m2/repository/org/jboss/spec/javax/annotation/jboss-annotations-api_1.2_spec/1.0.0.Final/jboss-annotations-api_1.2_spec-1.0.0.Final.jar:/home/mcostell/.m2/repository/io/undertow/undertow-websockets-jsr/1.4.18.SP7-redhat-1/undertow-websockets-jsr-1.4.18.SP7-redhat-1.jar:/home/mcostell/.m2/repository/org/jboss/spec/javax/websocket/jboss-websocket-api_1.1_spec/1.1.0.Final/jboss-websocket-api_1.1_spec-1.1.0.Final.jar:/home/mcostell/.m2/repository/javax/servlet/javax.servlet-api/3.1.0/javax.servlet-api-3.1.0.jar:/home/mcostell/.m2/repository/org/glassfish/javax.el/3.0.0/javax.el-3.0.0.jar:/home/mcostell/.m2/repository/org/springframework/boot/spring-boot-starter-actuator/1.5.16.RELEASE/spring-boot-starter-actuator-1.5.16.RELEASE.jar:/home/mcostell/.m2/repository/org/springframework/boot/spring-boot-actuator/1.5.16.RELEASE/spring-boot-actuator-1.5.16.RELEASE.jar:/home/mcostell/.m2/repository/org/apache/camel/camel-servlet-starter/2.21.0.fuse-720050-redhat-00001/camel-servlet-starter-2.21.0.fuse-720050-redhat-00001.jar:/home/mcostell/.m2/repository/org/apache/camel/camel-servlet/2.21.0.fuse-720050-redhat-00001/camel-servlet-2.21.0.fuse-720050-redhat-00001.jar:/home/mcostell/.m2/repository/org/apache/camel/camel-http-common/2.21.0.fuse-720050-redhat-00001/camel-http-common-2.21.0.fuse-720050-redhat-00001.jar:/home/mcostell/.m2/repository/org/apache/camel/camel-jackson-starter/2.21.0.fuse-720050-redhat-00001/camel-jackson-starter-2.21.0.fuse-720050-redhat-00001.jar:/home/mcostell/.m2/repository/org/apache/camel/camel-jackson/2.21.0.fuse-720050-redhat-00001/camel-jackson-2.21.0.fuse-720050-redhat-00001.jar:/home/mcostell/.m2/repository/com/fasterxml/jackson/module/jackson-module-jaxb-annotations/2.8.11/jackson-module-jaxb-annotations-2.8.11.jar:/home/mcostell/.m2/repository/org/apache/camel/camel-swagger-java-starter/2.21.0.fuse-720050-redhat-00001/camel-swagger-java-starter-2.21.0.fuse-720050-redhat-00001.jar:/home/mcostell/.m2/repository/org/apache/camel/camel-swagger-java/2.21.0.fuse-720050-redhat-00001/camel-swagger-java-2.21.0.fuse-720050-redhat-00001.jar:/home/mcostell/.m2/repository/com/fasterxml/jackson/datatype/jackson-datatype-joda/2.8.11/jackson-datatype-joda-2.8.11.jar:/home/mcostell/.m2/repository/joda-time/joda-time/2.7/joda-time-2.7.jar:/home/mcostell/.m2/repository/com/fasterxml/jackson/dataformat/jackson-dataformat-yaml/2.8.11/jackson-dataformat-yaml-2.8.11.jar:/home/mcostell/.m2/repository/com/fasterxml/jackson/dataformat/jackson-dataformat-xml/2.8.11/jackson-dataformat-xml-2.8.11.jar:/home/mcostell/.m2/repository/org/codehaus/woodstox/stax2-api/3.1.4/stax2-api-3.1.4.jar:/home/mcostell/.m2/repository/com/fasterxml/woodstox/woodstox-core/5.0.3/woodstox-core-5.0.3.jar:/home/mcostell/.m2/repository/com/fasterxml/jackson/jaxrs/jackson-jaxrs-json-provider/2.8.11/jackson-jaxrs-json-provider-2.8.11.jar:/home/mcostell/.m2/repository/com/fasterxml/jackson/jaxrs/jackson-jaxrs-base/2.8.11/jackson-jaxrs-base-2.8.11.jar:/home/mcostell/.m2/repository/com/google/guava/guava/18.0/guava-18.0.jar:/home/mcostell/.m2/repository/org/apache/commons/commons-lang3/3.8/commons-lang3-3.8.jar:/home/mcostell/.m2/repository/io/swagger/swagger-core/1.5.18.fuse70-1-redhat-1/swagger-core-1.5.18.fuse70-1-redhat-1.jar:/home/mcostell/.m2/repository/io/swagger/swagger-models/1.5.18.fuse70-1-redhat-1/swagger-models-1.5.18.fuse70-1-redhat-1.jar:/home/mcostell/.m2/repository/io/swagger/swagger-annotations/1.5.18.fuse70-1-redhat-1/swagger-annotations-1.5.18.fuse70-1-redhat-1.jar:/home/mcostell/.m2/repository/io/swagger/swagger-jaxrs/1.5.18.fuse70-1-redhat-1/swagger-jaxrs-1.5.18.fuse70-1-redhat-1.jar:/home/mcostell/.m2/repository/javax/ws/rs/jsr311-api/1.1.1/jsr311-api-1.1.1.jar:/home/mcostell/.m2/repository/org/reflections/reflections/0.9.11/reflections-0.9.11.jar:/home/mcostell/.m2/repository/org/javassist/javassist/3.21.0-GA/javassist-3.21.0-GA.jar:/home/mcostell/.m2/repository/io/swagger/swagger-parser/1.0.33/swagger-parser-1.0.33.jar:/home/mcostell/.m2/repository/org/slf4j/slf4j-ext/1.6.3/slf4j-ext-1.6.3.jar:/home/mcostell/.m2/repository/ch/qos/cal10n/cal10n-api/0.7.4/cal10n-api-0.7.4.jar:/home/mcostell/.m2/repository/commons-io/commons-io/2.4/commons-io-2.4.jar:/home/mcostell/.m2/repository/org/springframework/boot/spring-boot-starter-test/1.5.16.RELEASE/spring-boot-starter-test-1.5.16.RELEASE.jar:/home/mcostell/.m2/repository/org/springframework/boot/spring-boot-test/1.5.16.RELEASE/spring-boot-test-1.5.16.RELEASE.jar:/home/mcostell/.m2/repository/org/springframework/boot/spring-boot-test-autoconfigure/1.5.16.RELEASE/spring-boot-test-autoconfigure-1.5.16.RELEASE.jar:/home/mcostell/.m2/repository/com/jayway/jsonpath/json-path/2.2.0/json-path-2.2.0.jar:/home/mcostell/.m2/repository/net/minidev/json-smart/2.2.1/json-smart-2.2.1.jar:/home/mcostell/.m2/repository/net/minidev/accessors-smart/1.1/accessors-smart-1.1.jar:/home/mcostell/.m2/repository/org/ow2/asm/asm/5.0.3/asm-5.0.3.jar:/home/mcostell/.m2/repository/org/slf4j/slf4j-api/1.7.22.redhat-2/slf4j-api-1.7.22.redhat-2.jar:/home/mcostell/.m2/repository/junit/junit/4.12/junit-4.12.jar:/home/mcostell/.m2/repository/org/assertj/assertj-core/2.4.1/assertj-core-2.4.1.jar:/home/mcostell/.m2/repository/org/mockito/mockito-core/1.10.19/mockito-core-1.10.19.jar:/home/mcostell/.m2/repository/org/objenesis/objenesis/2.1/objenesis-2.1.jar:/home/mcostell/.m2/repository/org/hamcrest/hamcrest-core/1.3/hamcrest-core-1.3.jar:/home/mcostell/.m2/repository/org/hamcrest/hamcrest-library/1.3/hamcrest-library-1.3.jar:/home/mcostell/.m2/repository/org/skyscreamer/jsonassert/1.4.0/jsonassert-1.4.0.jar:/home/mcostell/.m2/repository/com/vaadin/external/google/android-json/0.0.20131108.vaadin1/android-json-0.0.20131108.vaadin1.jar:/home/mcostell/.m2/repository/org/springframework/spring-core/4.3.19.RELEASE/spring-core-4.3.19.RELEASE.jar:/home/mcostell/.m2/repository/org/springframework/spring-test/4.3.19.RELEASE/spring-test-4.3.19.RELEASE.jar:/home/mcostell/.m2/repository/org/jboss/arquillian/junit/arquillian-junit-container/1.1.12.Final/arquillian-junit-container-1.1.12.Final.jar:/home/mcostell/.m2/repository/org/jboss/arquillian/junit/arquillian-junit-core/1.1.12.Final/arquillian-junit-core-1.1.12.Final.jar:/home/mcostell/.m2/repository/org/jboss/arquillian/test/arquillian-test-api/1.1.12.Final/arquillian-test-api-1.1.12.Final.jar:/home/mcostell/.m2/repository/org/jboss/arquillian/core/arquillian-core-api/1.1.12.Final/arquillian-core-api-1.1.12.Final.jar:/home/mcostell/.m2/repository/org/jboss/arquillian/test/arquillian-test-spi/1.1.12.Final/arquillian-test-spi-1.1.12.Final.jar:/home/mcostell/.m2/repository/org/jboss/arquillian/core/arquillian-core-spi/1.1.12.Final/arquillian-core-spi-1.1.12.Final.jar:/home/mcostell/.m2/repository/org/jboss/arquillian/container/arquillian-container-test-api/1.1.12.Final/arquillian-container-test-api-1.1.12.Final.jar:/home/mcostell/.m2/repository/org/jboss/shrinkwrap/shrinkwrap-api/1.2.6/shrinkwrap-api-1.2.6.jar:/home/mcostell/.m2/repository/org/jboss/arquillian/container/arquillian-container-test-spi/1.1.12.Final/arquillian-container-test-spi-1.1.12.Final.jar:/home/mcostell/.m2/repository/org/jboss/arquillian/core/arquillian-core-impl-base/1.1.12.Final/arquillian-core-impl-base-1.1.12.Final.jar:/home/mcostell/.m2/repository/org/jboss/arquillian/test/arquillian-test-impl-base/1.1.12.Final/arquillian-test-impl-base-1.1.12.Final.jar:/home/mcostell/.m2/repository/org/jboss/arquillian/container/arquillian-container-impl-base/1.1.12.Final/arquillian-container-impl-base-1.1.12.Final.jar:/home/mcostell/.m2/repository/org/jboss/arquillian/config/arquillian-config-api/1.1.12.Final/arquillian-config-api-1.1.12.Final.jar:/home/mcostell/.m2/repository/org/jboss/arquillian/config/arquillian-config-impl-base/1.1.12.Final/arquillian-config-impl-base-1.1.12.Final.jar:/home/mcostell/.m2/repository/org/jboss/shrinkwrap/descriptors/shrinkwrap-descriptors-spi/2.0.0-alpha-10/shrinkwrap-descriptors-spi-2.0.0-alpha-10.jar:/home/mcostell/.m2/repository/org/jboss/arquillian/container/arquillian-container-test-impl-base/1.1.12.Final/arquillian-container-test-impl-base-1.1.12.Final.jar:/home/mcostell/.m2/repository/org/jboss/shrinkwrap/shrinkwrap-impl-base/1.2.6/shrinkwrap-impl-base-1.2.6.jar:/home/mcostell/.m2/repository/org/jboss/shrinkwrap/shrinkwrap-spi/1.2.6/shrinkwrap-spi-1.2.6.jar:/home/mcostell/.m2/repository/io/fabric8/fabric8-arquillian/3.0.11.fuse-720027-redhat-00001/fabric8-arquillian-3.0.11.fuse-720027-redhat-00001.jar:/home/mcostell/.m2/repository/io/fabric8/fabric8-annotations/3.0.11.fuse-720027-redhat-00001/fabric8-annotations-3.0.11.fuse-720027-redhat-00001.jar:/home/mcostell/.m2/repository/javax/inject/javax.inject/1/javax.inject-1.jar:/home/mcostell/.m2/repository/io/fabric8/kubernetes-api/3.0.11.fuse-720027-redhat-00001/kubernetes-api-3.0.11.fuse-720027-redhat-00001.jar:/home/mcostell/.m2/repository/org/json/json/20160212/json-20160212.jar:/home/mcostell/.m2/repository/dnsjava/dnsjava/2.1.8/dnsjava-2.1.8.jar:/home/mcostell/.m2/repository/io/fabric8/openshift-client/3.1.4.fuse-720004-redhat-00001/openshift-client-3.1.4.fuse-720004-redhat-00001.jar:/home/mcostell/.m2/repository/io/fabric8/kubernetes-client/3.1.4.fuse-720004-redhat-00001/kubernetes-client-3.1.4.fuse-720004-redhat-00001.jar:/home/mcostell/.m2/repository/io/fabric8/kubernetes-model/2.0.10.fuse-720030-redhat-00001/kubernetes-model-2.0.10.fuse-720030-redhat-00001.jar:/home/mcostell/.m2/repository/com/squareup/okhttp3/okhttp/3.9.0.redhat-3/okhttp-3.9.0.redhat-3.jar:/home/mcostell/.m2/repository/com/squareup/okio/okio/1.13.0.redhat-3/okio-1.13.0.redhat-3.jar:/home/mcostell/.m2/repository/com/squareup/okhttp3/logging-interceptor/3.9.0.redhat-3/logging-interceptor-3.9.0.redhat-3.jar:/home/mcostell/.m2/repository/io/fabric8/zjsonpatch/0.3.0/zjsonpatch-0.3.0.jar:/home/mcostell/.m2/repository/com/github/mifmif/generex/1.0.1/generex-1.0.1.jar:/home/mcostell/.m2/repository/dk/brics/automaton/automaton/1.11-8/automaton-1.11-8.jar:/home/mcostell/.m2/repository/io/fabric8/kubernetes-assertions/3.0.11.fuse-720027-redhat-00001/kubernetes-assertions-3.0.11.fuse-720027-redhat-00001.jar:/home/mcostell/.m2/repository/io/fabric8/jolokia-assertions/3.0.11.fuse-720027-redhat-00001/jolokia-assertions-3.0.11.fuse-720027-redhat-00001.jar:/home/mcostell/.m2/repository/org/jolokia/jolokia-client-java/1.5.0.redhat-1/jolokia-client-java-1.5.0.redhat-1.jar:/home/mcostell/.m2/repository/com/googlecode/json-simple/json-simple/1.1.1.redhat-1/json-simple-1.1.1.redhat-1.jar:/home/mcostell/.m2/repository/io/fabric8/kubernetes-jolokia/3.0.11.fuse-720027-redhat-00001/kubernetes-jolokia-3.0.11.fuse-720027-redhat-00001.jar:/home/mcostell/.m2/repository/org/apache/httpcomponents/httpclient-osgi/4.5.6/httpclient-osgi-4.5.6.jar:/home/mcostell/.m2/repository/org/apache/httpcomponents/httpmime/4.5.6/httpmime-4.5.6.jar:/home/mcostell/.m2/repository/org/apache/httpcomponents/httpclient-cache/4.5.6/httpclient-cache-4.5.6.jar:/home/mcostell/.m2/repository/org/apache/httpcomponents/fluent-hc/4.3.3/fluent-hc-4.3.3.jar:/home/mcostell/.m2/repository/io/fabric8/fabric8-utils/3.0.11.fuse-720027-redhat-00001/fabric8-utils-3.0.11.fuse-720027-redhat-00001.jar:/home/mcostell/.m2/repository/io/fabric8/fabric8-devops/3.0.11.fuse-720027-redhat-00001/fabric8-devops-3.0.11.fuse-720027-redhat-00001.jar:/home/mcostell/.m2/repository/org/ops4j/pax/url/pax-url-aether/2.5.1/pax-url-aether-2.5.1.jar:/home/mcostell/.m2/repository/org/ops4j/pax/url/pax-url-aether-support/2.5.1/pax-url-aether-support-2.5.1.jar:/home/mcostell/.m2/repository/org/eclipse/aether/aether-impl/1.0.2.v20150114/aether-impl-1.0.2.v20150114.jar:/home/mcostell/.m2/repository/org/slf4j/jcl-over-slf4j/1.7.22.redhat-2/jcl-over-slf4j-1.7.22.redhat-2.jar:/home/mcostell/.m2/repository/org/fusesource/jansi/jansi/1.11.0.redhat-2/jansi-1.11.0.redhat-2.jar:/home/mcostell/.m2/repository/org/jboss/arquillian/container/arquillian-container-spi/1.1.12.Final/arquillian-container-spi-1.1.12.Final.jar:/home/mcostell/.m2/repository/org/jboss/shrinkwrap/descriptors/shrinkwrap-descriptors-api-base/2.0.0-alpha-10/shrinkwrap-descriptors-api-base-2.0.0-alpha-10.jar:/home/mcostell/.m2/repository/org/jboss/shrinkwrap/resolver/shrinkwrap-resolver-api/2.2.2/shrinkwrap-resolver-api-2.2.2.jar:/home/mcostell/.m2/repository/org/jboss/shrinkwrap/resolver/shrinkwrap-resolver-spi/2.2.2/shrinkwrap-resolver-spi-2.2.2.jar:/home/mcostell/.m2/repository/org/jboss/shrinkwrap/resolver/shrinkwrap-resolver-api-maven/2.2.2/shrinkwrap-resolver-api-maven-2.2.2.jar:/home/mcostell/.m2/repository/org/jboss/shrinkwrap/resolver/shrinkwrap-resolver-spi-maven/2.2.2/shrinkwrap-resolver-spi-maven-2.2.2.jar:/home/mcostell/.m2/repository/org/jboss/shrinkwrap/resolver/shrinkwrap-resolver-api-maven-archive/2.2.2/shrinkwrap-resolver-api-maven-archive-2.2.2.jar:/home/mcostell/.m2/repository/org/jboss/shrinkwrap/resolver/shrinkwrap-resolver-impl-maven/2.2.2/shrinkwrap-resolver-impl-maven-2.2.2.jar:/home/mcostell/.m2/repository/org/eclipse/aether/aether-api/1.0.0.v20140518/aether-api-1.0.0.v20140518.jar:/home/mcostell/.m2/repository/org/eclipse/aether/aether-spi/1.0.0.v20140518/aether-spi-1.0.0.v20140518.jar:/home/mcostell/.m2/repository/org/eclipse/aether/aether-util/1.0.0.v20140518/aether-util-1.0.0.v20140518.jar:/home/mcostell/.m2/repository/org/eclipse/aether/aether-connector-basic/1.0.0.v20140518/aether-connector-basic-1.0.0.v20140518.jar:/home/mcostell/.m2/repository/org/eclipse/aether/aether-transport-wagon/1.0.0.v20140518/aether-transport-wagon-1.0.0.v20140518.jar:/home/mcostell/.m2/repository/org/apache/maven/maven-aether-provider/3.2.5/maven-aether-provider-3.2.5.jar:/home/mcostell/.m2/repository/org/apache/maven/maven-model/3.2.5/maven-model-3.2.5.jar:/home/mcostell/.m2/repository/org/apache/maven/maven-model-builder/3.2.5/maven-model-builder-3.2.5.jar:/home/mcostell/.m2/repository/org/codehaus/plexus/plexus-component-annotations/1.5.5/plexus-component-annotations-1.5.5.jar:/home/mcostell/.m2/repository/org/apache/maven/maven-repository-metadata/3.2.5/maven-repository-metadata-3.2.5.jar:/home/mcostell/.m2/repository/org/apache/maven/maven-settings/3.2.5/maven-settings-3.2.5.jar:/home/mcostell/.m2/repository/org/apache/maven/maven-settings-builder/3.2.5/maven-settings-builder-3.2.5.jar:/home/mcostell/.m2/repository/org/codehaus/plexus/plexus-interpolation/1.21/plexus-interpolation-1.21.jar:/home/mcostell/.m2/repository/org/sonatype/plexus/plexus-sec-dispatcher/1.3/plexus-sec-dispatcher-1.3.jar:/home/mcostell/.m2/repository/org/sonatype/plexus/plexus-cipher/1.4/plexus-cipher-1.4.jar:/home/mcostell/.m2/repository/org/apache/maven/wagon/wagon-provider-api/2.6/wagon-provider-api-2.6.jar:/home/mcostell/.m2/repository/org/apache/maven/wagon/wagon-file/2.6/wagon-file-2.6.jar:/home/mcostell/.m2/repository/commons-lang/commons-lang/2.6/commons-lang-2.6.jar:/home/mcostell/.m2/repository/org/apache/maven/wagon/wagon-http-lightweight/2.6/wagon-http-lightweight-2.6.jar:/home/mcostell/.m2/repository/org/apache/maven/wagon/wagon-http-shared/2.6/wagon-http-shared-2.6.jar:/home/mcostell/.m2/repository/org/jsoup/jsoup/1.7.2/jsoup-1.7.2.jar:/home/mcostell/.m2/repository/org/jboss/shrinkwrap/resolver/shrinkwrap-resolver-impl-maven-archive/2.2.2/shrinkwrap-resolver-impl-maven-archive-2.2.2.jar:/home/mcostell/.m2/repository/org/jboss/shrinkwrap/resolver/shrinkwrap-resolver-spi-maven-archive/2.2.2/shrinkwrap-resolver-spi-maven-archive-2.2.2.jar:/home/mcostell/.m2/repository/org/eclipse/sisu/org.eclipse.sisu.plexus/0.3.0.M1/org.eclipse.sisu.plexus-0.3.0.M1.jar:/home/mcostell/.m2/repository/org/eclipse/sisu/org.eclipse.sisu.inject/0.3.0.M1/org.eclipse.sisu.inject-0.3.0.M1.jar:/home/mcostell/.m2/repository/org/codehaus/plexus/plexus-compiler-javac/2.3/plexus-compiler-javac-2.3.jar:/home/mcostell/.m2/repository/org/codehaus/plexus/plexus-compiler-api/2.3/plexus-compiler-api-2.3.jar:/home/mcostell/.m2/repository/org/codehaus/plexus/plexus-utils/3.0.15/plexus-utils-3.0.15.jar:/home/mcostell/.m2/repository/xml-apis/xml-apis/1.4.01/xml-apis-1.4.01.jar:/home/mcostell/.m2/repository/javax/enterprise/cdi-api/1.2.0.redhat-2/cdi-api-1.2.0.redhat-2.jar:/home/mcostell/.m2/repository/javax/el/javax.el-api/2.2.5/javax.el-api-2.2.5.jar:/home/mcostell/.m2/repository/javax/interceptor/javax.interceptor-api/1.2/javax.interceptor-api-1.2.jar:/home/mcostell/.m2/repository/org/apache/httpcomponents/httpclient/4.5.6/httpclient-4.5.6.jar:/home/mcostell/.m2/repository/org/apache/httpcomponents/httpcore/4.4.10/httpcore-4.4.10.jar:/home/mcostell/.m2/repository/commons-logging/commons-logging/1.2.0.redhat-3/commons-logging-1.2.0.redhat-3.jar:/home/mcostell/.m2/repository/commons-codec/commons-codec/1.10/commons-codec-1.10.jar:, user.name=mcostell, java.vm.specification.version=1.8, sun.java.command=/home/mcostell/workspace/camel-rest-sample-simple/target/surefire/surefirebooter1365796166271922500.jar /home/mcostell/workspace/camel-rest-sample-simple/target/surefire/surefire2438882651170569673tmp /home/mcostell/workspace/camel-rest-sample-simple/target/surefire/surefire_04914196312515145849tmp, java.home=/home/mcostell/jdk1.8.0_121/jre, sun.arch.data.model=64, user.language=en, java.specification.vendor=Oracle Corporation, awt.toolkit=sun.awt.X11.XToolkit, java.vm.info=mixed mode, java.version=1.8.0_121, java.ext.dirs=/home/mcostell/jdk1.8.0_121/jre/lib/ext:/usr/java/packages/lib/ext, sun.boot.class.path=/home/mcostell/jdk1.8.0_121/jre/lib/resources.jar:/home/mcostell/jdk1.8.0_121/jre/lib/rt.jar:/home/mcostell/jdk1.8.0_121/jre/lib/sunrsasign.jar:/home/mcostell/jdk1.8.0_121/jre/lib/jsse.jar:/home/mcostell/jdk1.8.0_121/jre/lib/jce.jar:/home/mcostell/jdk1.8.0_121/jre/lib/charsets.jar:/home/mcostell/jdk1.8.0_121/jre/lib/jfr.jar:/home/mcostell/jdk1.8.0_121/jre/classes, java.vendor=Oracle Corporation, localRepository=/home/mcostell/.m2/repository, file.separator=/, java.vendor.url.bug=http://bugreport.sun.com/bugreport/, sun.io.unicode.encoding=UnicodeLittle, sun.cpu.endian=little, sun.desktop=gnome, sun.cpu.isalist=}}, SystemEnvironmentPropertySource@22805895 {name='systemEnvironment', properties={PATH=/usr/share/Modules/bin:/usr/local/bin:/usr/local/sbin:/usr/bin:/usr/sbin:/home/mcostell/jdk1.8.0_121/bin:/home/mcostell/oc-3.4.1.10-linux:/usr/local/go/bin:/home/mcostell/.local/bin:/home/mcostell/bin:/home/mcostell/jdk1.8.0_121:/home/mcostell/go/bin:/home/mcostell/minshift-home/, XAUTHORITY=/run/user/1000/gdm/Xauthority, HISTCONTROL=ignoredups, XMODIFIERS=@im=ibus, GDMSESSION=gnome, MODULEPATH=/etc/scl/modulefiles:/usr/share/Modules/modulefiles:/etc/modulefiles:/usr/share/modulefiles, GUESTFISH_RESTORE=\e[0m, DBUS_SESSION_BUS_ADDRESS=unix:path=/run/user/1000/bus, XDG_CURRENT_DESKTOP=GNOME, MAIL=/var/spool/mail/mcostell, DESKTOP_AUTOSTART_ID=103acd111a661d38a3155485072862039100000024140020, SESSION_MANAGER=local/unix:@/tmp/.ICE-unix/2414,unix/unix:/tmp/.ICE-unix/2414, USERNAME=mcostell, LOGNAME=mcostell, PWD=/home/mcostell/workspace/camel-rest-sample-simple, LESSOPEN=||/usr/bin/lesspipe.sh %s, SHELL=/bin/bash, BASH_ENV=/usr/share/Modules/init/bash, GIO_LAUNCHED_DESKTOP_FILE=/home/mcostell/.config/autostart/eclipse.desktop, OLDPWD=/home/mcostell/workspace/camel-rest-sample-simple, GOPATH=/home/mcostell/go, GUESTFISH_INIT=\e[1;34m, BASH_FUNC_scl%%=() {  if [ "$1" = "load" -o "$1" = "unload" ]; then
 eval "module $@";
 else
 /usr/bin/scl "$@";
 fi
}, GNOME_DESKTOP_SESSION_ID=this-is-deprecated, MODULEPATH_modshare=/usr/share/modulefiles:1:/etc/modulefiles:1:/usr/share/Modules/modulefiles:1, XDG_SESSION_DESKTOP=gnome, SHLVL=2, LOADEDMODULES=, OXYGEN_DISABLE_INNER_SHADOWS_HACK=1, QT_IM_MODULE=ibus, HISTSIZE=1000, JAVA_HOME=/home/mcostell/jdk1.8.0_121, ENV=/usr/share/Modules/init/profile.sh, XFILESEARCHPATH=/usr/dt/app-defaults/%L/Dt, LANG=en_US.UTF-8, XDG_SESSION_TYPE=x11, XDG_SESSION_ID=2, MODULES_RUN_QUARANTINE=LD_LIBRARY_PATH, BASH_FUNC_switchml%%=() {  typeset swfound=1;
 if [ "${MODULES_USE_COMPAT_VERSION:-0}" = '1' ]; then
 typeset swname='main';
 if [ -e /usr/share/Modules/libexec/modulecmd.tcl ]; then
 typeset swfound=0;
 unset MODULES_USE_COMPAT_VERSION;
 fi;
 else
 typeset swname='compatibility';
 if [ -e /usr/share/Modules/libexec/modulecmd-compat ]; then
 typeset swfound=0;
 MODULES_USE_COMPAT_VERSION=1;
 export MODULES_USE_COMPAT_VERSION;
 fi;
 fi;
 if [ $swfound -eq 0 ]; then
 echo "Switching to Modules $swname version";
 source /usr/share/Modules/init/bash;
 else
 echo "Cannot switch to Modules $swname version, command not found";
 return 1;
 fi
}, DISPLAY=:1, BASH_FUNC_module%%=() {  unset _mlre _mlIFS _mlshdbg;
 if [ "${MODULES_SILENT_SHELL_DEBUG:-0}" = '1' ]; then
 case "$-" in 
 *v*x*)
 set +vx;
 _mlshdbg='vx'
 ;;
 *v*)
 set +v;
 _mlshdbg='v'
 ;;
 *x*)
 set +x;
 _mlshdbg='x'
 ;;
 *)
 _mlshdbg=''
 ;;
 esac;
 fi;
 if [ -n "${IFS+x}" ]; then
 _mlIFS=$IFS;
 fi;
 IFS=' ';
 for _mlv in ${MODULES_RUN_QUARANTINE:-};
 do
 if [ "${_mlv}" = "${_mlv##*[!A-Za-z0-9_]}" -a "${_mlv}" = "${_mlv#[0-9]}" ]; then
 if [ -n "`eval 'echo ${'$_mlv'+x}'`" ]; then
 _mlre="${_mlre:-}${_mlv}_modquar='`eval 'echo ${'$_mlv'}'`' ";
 fi;
 _mlrv="MODULES_RUNENV_${_mlv}";
 _mlre="${_mlre:-}${_mlv}='`eval 'echo ${'$_mlrv':-}'`' ";
 fi;
 done;
 if [ -n "${_mlre:-}" ]; then
 eval `eval ${_mlre}/usr/bin/tclsh /usr/share/Modules/libexec/modulecmd.tcl bash '"$@"'`;
 else
 eval `/usr/bin/tclsh /usr/share/Modules/libexec/modulecmd.tcl bash "$@"`;
 fi;
 _mlstatus=$?;
 if [ -n "${_mlIFS+x}" ]; then
 IFS=$_mlIFS;
 else
 unset IFS;
 fi;
 if [ -n "${_mlshdbg:-}" ]; then
 set -$_mlshdbg;
 fi;
 unset _mlre _mlv _mlrv _mlIFS _mlshdbg;
 return $_mlstatus
}, _=/home/mcostell/jdk1.8.0_121/jre/bin/java, GDM_LANG=en_US.UTF-8, GUESTFISH_PS1=\[\e[1;32m\]><fs>\[\e[0;31m\] , LIBOVERLAY_SCROLLBAR=0, GDK_CORE_DEVICE_EVENTS=1, DESKTOP_SESSION=gnome, USER=mcostell, XDG_MENU_PREFIX=gnome-, GIO_LAUNCHED_DESKTOP_FILE_PID=2766, WINDOWPATH=2, XDG_SEAT=seat0, SSH_AUTH_SOCK=/run/user/1000/keyring/ssh, HOSTNAME=work.mcostell, MODULESHOME=/usr/share/Modules, NLSPATH=/usr/dt/lib/nls/msg/%L/%N.cat, MODULES_CMD=/usr/share/Modules/libexec/modulecmd.tcl, XDG_RUNTIME_DIR=/run/user/1000, XDG_VTNR=2, GUESTFISH_OUTPUT=\e[0m, HOME=/home/mcostell}}]
14:17:46.171 [main] DEBUG org.springframework.core.io.support.PathMatchingResourcePatternResolver - Resolved classpath location [io/entropic/samples/camel/rest/] to resources [URL [file:/home/mcostell/workspace/camel-rest-sample-simple/target/test-classes/io/entropic/samples/camel/rest/], URL [file:/home/mcostell/workspace/camel-rest-sample-simple/target/classes/io/entropic/samples/camel/rest/]]
14:17:46.171 [main] DEBUG org.springframework.core.io.support.PathMatchingResourcePatternResolver - Looking for matching resources in directory tree [/home/mcostell/workspace/camel-rest-sample-simple/target/test-classes/io/entropic/samples/camel/rest]
14:17:46.171 [main] DEBUG org.springframework.core.io.support.PathMatchingResourcePatternResolver - Searching directory [/home/mcostell/workspace/camel-rest-sample-simple/target/test-classes/io/entropic/samples/camel/rest] for files matching pattern [/home/mcostell/workspace/camel-rest-sample-simple/target/test-classes/io/entropic/samples/camel/rest/*.class]
14:17:46.176 [main] DEBUG org.springframework.core.io.support.PathMatchingResourcePatternResolver - Looking for matching resources in directory tree [/home/mcostell/workspace/camel-rest-sample-simple/target/classes/io/entropic/samples/camel/rest]
14:17:46.177 [main] DEBUG org.springframework.core.io.support.PathMatchingResourcePatternResolver - Searching directory [/home/mcostell/workspace/camel-rest-sample-simple/target/classes/io/entropic/samples/camel/rest] for files matching pattern [/home/mcostell/workspace/camel-rest-sample-simple/target/classes/io/entropic/samples/camel/rest/*.class]
14:17:46.181 [main] DEBUG org.springframework.core.io.support.PathMatchingResourcePatternResolver - Resolved location pattern [classpath*:io/entropic/samples/camel/rest/*.class] to resources [file [/home/mcostell/workspace/camel-rest-sample-simple/target/test-classes/io/entropic/samples/camel/rest/ApplicationTest$1.class], file [/home/mcostell/workspace/camel-rest-sample-simple/target/test-classes/io/entropic/samples/camel/rest/ApplicationTest.class], file [/home/mcostell/workspace/camel-rest-sample-simple/target/classes/io/entropic/samples/camel/rest/Application$RestApi.class], file [/home/mcostell/workspace/camel-rest-sample-simple/target/classes/io/entropic/samples/camel/rest/Application.class], file [/home/mcostell/workspace/camel-rest-sample-simple/target/classes/io/entropic/samples/camel/rest/Book.class], file [/home/mcostell/workspace/camel-rest-sample-simple/target/classes/io/entropic/samples/camel/rest/Order.class], file [/home/mcostell/workspace/camel-rest-sample-simple/target/classes/io/entropic/samples/camel/rest/OrderService.class]]
14:17:46.295 [main] DEBUG org.springframework.context.annotation.ClassPathScanningCandidateComponentProvider - Identified candidate component class: file [/home/mcostell/workspace/camel-rest-sample-simple/target/classes/io/entropic/samples/camel/rest/Application.class]
14:17:46.299 [main] INFO org.springframework.boot.test.context.SpringBootTestContextBootstrapper - Found @SpringBootConfiguration io.entropic.samples.camel.rest.Application for test class io.entropic.samples.camel.rest.ApplicationTest
14:17:46.303 [main] DEBUG org.springframework.boot.test.context.SpringBootTestContextBootstrapper - @TestExecutionListeners is not present for class [io.entropic.samples.camel.rest.ApplicationTest]: using defaults.
14:17:46.309 [main] INFO org.springframework.boot.test.context.SpringBootTestContextBootstrapper - Loaded default TestExecutionListener class names from location [META-INF/spring.factories]: [org.springframework.boot.test.mock.mockito.MockitoTestExecutionListener, org.springframework.boot.test.mock.mockito.ResetMocksTestExecutionListener, org.springframework.boot.test.autoconfigure.restdocs.RestDocsTestExecutionListener, org.springframework.boot.test.autoconfigure.web.client.MockRestServiceServerResetTestExecutionListener, org.springframework.boot.test.autoconfigure.web.servlet.MockMvcPrintOnlyOnFailureTestExecutionListener, org.springframework.boot.test.autoconfigure.web.servlet.WebDriverTestExecutionListener, org.springframework.test.context.web.ServletTestExecutionListener, org.springframework.test.context.support.DirtiesContextBeforeModesTestExecutionListener, org.springframework.test.context.support.DependencyInjectionTestExecutionListener, org.springframework.test.context.support.DirtiesContextTestExecutionListener, org.springframework.test.context.transaction.TransactionalTestExecutionListener, org.springframework.test.context.jdbc.SqlScriptsTestExecutionListener]
14:17:46.341 [main] INFO org.springframework.boot.test.context.SpringBootTestContextBootstrapper - Using TestExecutionListeners: [org.springframework.test.context.web.ServletTestExecutionListener@38c5cc4c, org.springframework.test.context.support.DirtiesContextBeforeModesTestExecutionListener@37918c79, org.springframework.boot.test.mock.mockito.MockitoTestExecutionListener@78e94dcf, org.springframework.boot.test.autoconfigure.SpringBootDependencyInjectionTestExecutionListener@233fe9b6, org.springframework.test.context.support.DirtiesContextTestExecutionListener@358ee631, org.springframework.test.context.transaction.TransactionalTestExecutionListener@ec756bd, org.springframework.test.context.jdbc.SqlScriptsTestExecutionListener@3c72f59f, org.springframework.boot.test.mock.mockito.ResetMocksTestExecutionListener@60dcc9fe, org.springframework.boot.test.autoconfigure.restdocs.RestDocsTestExecutionListener@222114ba, org.springframework.boot.test.autoconfigure.web.client.MockRestServiceServerResetTestExecutionListener@16e7dcfd, org.springframework.boot.test.autoconfigure.web.servlet.MockMvcPrintOnlyOnFailureTestExecutionListener@3d121db3, org.springframework.boot.test.autoconfigure.web.servlet.WebDriverTestExecutionListener@3b07a0d6]
14:17:46.342 [main] DEBUG org.springframework.test.annotation.ProfileValueUtils - Retrieved @ProfileValueSourceConfiguration [null] for test class [io.entropic.samples.camel.rest.ApplicationTest]
14:17:46.343 [main] DEBUG org.springframework.test.annotation.ProfileValueUtils - Retrieved ProfileValueSource type [class org.springframework.test.annotation.SystemProfileValueSource] for class [io.entropic.samples.camel.rest.ApplicationTest]
14:17:46.343 [main] DEBUG org.springframework.test.annotation.ProfileValueUtils - Retrieved @ProfileValueSourceConfiguration [null] for test class [io.entropic.samples.camel.rest.ApplicationTest]
14:17:46.343 [main] DEBUG org.springframework.test.annotation.ProfileValueUtils - Retrieved ProfileValueSource type [class org.springframework.test.annotation.SystemProfileValueSource] for class [io.entropic.samples.camel.rest.ApplicationTest]
14:17:46.344 [main] DEBUG org.springframework.test.annotation.ProfileValueUtils - Retrieved @ProfileValueSourceConfiguration [null] for test class [io.entropic.samples.camel.rest.ApplicationTest]
14:17:46.344 [main] DEBUG org.springframework.test.annotation.ProfileValueUtils - Retrieved ProfileValueSource type [class org.springframework.test.annotation.SystemProfileValueSource] for class [io.entropic.samples.camel.rest.ApplicationTest]
]]></system-out>
  </testcase>
</testsuite>